[     608ms] [ERROR] Failed to load resource: the server responded with a status of 404 (File not found) @ http://localhost:8892/favicon.ico:0
[     918ms] [ERROR] Access to fetch at 'https://leviathan.fly.dev/v1/world' from origin 'http://localhost:8892' has been blocked by CORS policy: No 'Access-Control-Allow-Origin' header is present on the requested resource. @ http://localhost:8892/static/index.html:0
[     919ms] [ERROR] Failed to load resource: net::ERR_FAILED @ https://leviathan.fly.dev/v1/world:0
[   10681ms] [ERROR] Access to fetch at 'https://leviathan.fly.dev/v1/world' from origin 'http://localhost:8892' has been blocked by CORS policy: No 'Access-Control-Allow-Origin' header is present on the requested resource. @ http://localhost:8892/static/index.html:0
[   10681ms] [ERROR] Failed to load resource: net::ERR_FAILED @ https://leviathan.fly.dev/v1/world:0
[   20640ms] [ERROR] Access to fetch at 'https://leviathan.fly.dev/v1/world' from origin 'http://localhost:8892' has been blocked by CORS policy: No 'Access-Control-Allow-Origin' header is present on the requested resource. @ http://localhost:8892/static/index.html:0
[   20640ms] [ERROR] Failed to load resource: net::ERR_FAILED @ https://leviathan.fly.dev/v1/world:0
[   30600ms] [ERROR] Access to fetch at 'https://leviathan.fly.dev/v1/world' from origin 'http://localhost:8892' has been blocked by CORS policy: No 'Access-Control-Allow-Origin' header is present on the requested resource. @ http://localhost:8892/static/index.html:0
[   30600ms] [ERROR] Failed to load resource: net::ERR_FAILED @ https://leviathan.fly.dev/v1/world:0
[   40617ms] [ERROR] Access to fetch at 'https://leviathan.fly.dev/v1/world' from origin 'http://localhost:8892' has been blocked by CORS policy: No 'Access-Control-Allow-Origin' header is present on the requested resource. @ http://localhost:8892/static/index.html:0
[   40623ms] [ERROR] Failed to load resource: net::ERR_FAILED @ https://leviathan.fly.dev/v1/world:0
[   50625ms] [ERROR] Access to fetch at 'https://leviathan.fly.dev/v1/world' from origin 'http://localhost:8892' has been blocked by CORS policy: No 'Access-Control-Allow-Origin' header is present on the requested resource. @ http://localhost:8892/static/index.html:0
[   50630ms] [ERROR] Failed to load resource: net::ERR_FAILED @ https://leviathan.fly.dev/v1/world:0
[   60624ms] [ERROR] Access to fetch at 'https://leviathan.fly.dev/v1/world' from origin 'http://localhost:8892' has been blocked by CORS policy: No 'Access-Control-Allow-Origin' header is present on the requested resource. @ http://localhost:8892/static/index.html:0
[   60627ms] [ERROR] Failed to load resource: net::ERR_FAILED @ https://leviathan.fly.dev/v1/world:0
[   70622ms] [ERROR] Access to fetch at 'https://leviathan.fly.dev/v1/world' from origin 'http://localhost:8892' has been blocked by CORS policy: No 'Access-Control-Allow-Origin' header is present on the requested resource. @ http://localhost:8892/static/index.html:0
[   70625ms] [ERROR] Failed to load resource: net::ERR_FAILED @ https://leviathan.fly.dev/v1/world:0
[   80613ms] [ERROR] Access to fetch at 'https://leviathan.fly.dev/v1/world' from origin 'http://localhost:8892' has been blocked by CORS policy: No 'Access-Control-Allow-Origin' header is present on the requested resource. @ http://localhost:8892/static/index.html:0
[   80613ms] [ERROR] Failed to load resource: net::ERR_FAILED @ https://leviathan.fly.dev/v1/world:0
[   90579ms] [ERROR] Access to fetch at 'https://leviathan.fly.dev/v1/world' from origin 'http://localhost:8892' has been blocked by CORS policy: No 'Access-Control-Allow-Origin' header is present on the requested resource. @ http://localhost:8892/static/index.html:0
[   90579ms] [ERROR] Failed to load resource: net::ERR_FAILED @ https://leviathan.fly.dev/v1/world:0
[  100576ms] [ERROR] Access to fetch at 'https://leviathan.fly.dev/v1/world' from origin 'http://localhost:8892' has been blocked by CORS policy: No 'Access-Control-Allow-Origin' header is present on the requested resource. @ http://localhost:8892/static/index.html:0
[  100576ms] [ERROR] Failed to load resource: net::ERR_FAILED @ https://leviathan.fly.dev/v1/world:0
[  110577ms] [ERROR] Access to fetch at 'https://leviathan.fly.dev/v1/world' from origin 'http://localhost:8892' has been blocked by CORS policy: No 'Access-Control-Allow-Origin' header is present on the requested resource. @ http://localhost:8892/static/index.html:0
[  110577ms] [ERROR] Failed to load resource: net::ERR_FAILED @ https://leviathan.fly.dev/v1/world:0
[  120767ms] [ERROR] Access to fetch at 'https://leviathan.fly.dev/v1/world' from origin 'http://localhost:8892' has been blocked by CORS policy: No 'Access-Control-Allow-Origin' header is present on the requested resource. @ http://localhost:8892/static/index.html:0
[  120767ms] [ERROR] Failed to load resource: net::ERR_FAILED @ https://leviathan.fly.dev/v1/world:0
